<?xml version="1.0" encoding="UTF-8"?>
<testsuite xmlns:xsi="http://www.w3.org/2001/XMLSchema-instance" xsi:noNamespaceSchemaLocation="https://maven.apache.org/surefire/maven-surefire-plugin/xsd/surefire-test-report.xsd" name="edu.ada.micronaut.StockpriceTest" time="5.629" tests="1" errors="0" skipped="0" failures="0">
  <properties>
    <property name="sun.desktop" value="windows"/>
    <property name="awt.toolkit" value="sun.awt.windows.WToolkit"/>
    <property name="file.encoding.pkg" value="sun.io"/>
    <property name="java.specification.version" value="1.8"/>
    <property name="sun.cpu.isalist" value="amd64"/>
    <property name="sun.jnu.encoding" value="Cp1254"/>
    <property name="java.class.path" value="E:\ADA University\4th Year\2nd Semester\Web &amp; Mobile 2\stockprice\target\test-classes;E:\ADA University\4th Year\2nd Semester\Web &amp; Mobile 2\stockprice\target\classes;C:\Users\orhan\.m2\repository\io\micronaut\micronaut-inject\2.5.0\micronaut-inject-2.5.0.jar;C:\Users\orhan\.m2\repository\org\slf4j\slf4j-api\1.7.26\slf4j-api-1.7.26.jar;C:\Users\orhan\.m2\repository\javax\annotation\javax.annotation-api\1.3.2\javax.annotation-api-1.3.2.jar;C:\Users\orhan\.m2\repository\javax\inject\javax.inject\1\javax.inject-1.jar;C:\Users\orhan\.m2\repository\io\micronaut\micronaut-core\2.5.0\micronaut-core-2.5.0.jar;C:\Users\orhan\.m2\repository\com\github\spotbugs\spotbugs-annotations\4.0.3\spotbugs-annotations-4.0.3.jar;C:\Users\orhan\.m2\repository\com\google\code\findbugs\jsr305\3.0.2\jsr305-3.0.2.jar;C:\Users\orhan\.m2\repository\org\yaml\snakeyaml\1.26\snakeyaml-1.26.jar;C:\Users\orhan\.m2\repository\io\micronaut\micronaut-validation\2.5.0\micronaut-validation-2.5.0.jar;C:\Users\orhan\.m2\repository\io\micronaut\micronaut-core-reactive\2.5.0\micronaut-core-reactive-2.5.0.jar;C:\Users\orhan\.m2\repository\org\reactivestreams\reactive-streams\1.0.3\reactive-streams-1.0.3.jar;C:\Users\orhan\.m2\repository\javax\validation\validation-api\2.0.1.Final\validation-api-2.0.1.Final.jar;C:\Users\orhan\.m2\repository\ch\qos\logback\logback-classic\1.2.3\logback-classic-1.2.3.jar;C:\Users\orhan\.m2\repository\ch\qos\logback\logback-core\1.2.3\logback-core-1.2.3.jar;C:\Users\orhan\.m2\repository\org\junit\jupiter\junit-jupiter-api\5.7.1\junit-jupiter-api-5.7.1.jar;C:\Users\orhan\.m2\repository\org\apiguardian\apiguardian-api\1.1.0\apiguardian-api-1.1.0.jar;C:\Users\orhan\.m2\repository\org\opentest4j\opentest4j\1.2.0\opentest4j-1.2.0.jar;C:\Users\orhan\.m2\repository\org\junit\platform\junit-platform-commons\1.7.1\junit-platform-commons-1.7.1.jar;C:\Users\orhan\.m2\repository\org\junit\jupiter\junit-jupiter-engine\5.7.1\junit-jupiter-engine-5.7.1.jar;C:\Users\orhan\.m2\repository\org\junit\platform\junit-platform-engine\1.7.1\junit-platform-engine-1.7.1.jar;C:\Users\orhan\.m2\repository\io\micronaut\test\micronaut-test-junit5\2.3.3\micronaut-test-junit5-2.3.3.jar;C:\Users\orhan\.m2\repository\io\micronaut\test\micronaut-test-core\2.3.3\micronaut-test-core-2.3.3.jar;C:\Users\orhan\.m2\repository\io\micronaut\micronaut-http-client\2.5.0\micronaut-http-client-2.5.0.jar;C:\Users\orhan\.m2\repository\io\reactivex\rxjava2\rxjava\2.2.10\rxjava-2.2.10.jar;C:\Users\orhan\.m2\repository\io\micronaut\micronaut-http-client-core\2.5.0\micronaut-http-client-core-2.5.0.jar;C:\Users\orhan\.m2\repository\io\micronaut\micronaut-websocket\2.5.0\micronaut-websocket-2.5.0.jar;C:\Users\orhan\.m2\repository\io\micronaut\micronaut-http-netty\2.5.0\micronaut-http-netty-2.5.0.jar;C:\Users\orhan\.m2\repository\io\micronaut\micronaut-buffer-netty\2.5.0\micronaut-buffer-netty-2.5.0.jar;C:\Users\orhan\.m2\repository\io\netty\netty-handler\4.1.59.Final\netty-handler-4.1.59.Final.jar;C:\Users\orhan\.m2\repository\io\netty\netty-resolver\4.1.59.Final\netty-resolver-4.1.59.Final.jar;C:\Users\orhan\.m2\repository\io\netty\netty-codec-http2\4.1.59.Final\netty-codec-http2-4.1.59.Final.jar;C:\Users\orhan\.m2\repository\io\netty\netty-handler-proxy\4.1.59.Final\netty-handler-proxy-4.1.59.Final.jar;C:\Users\orhan\.m2\repository\io\netty\netty-common\4.1.59.Final\netty-common-4.1.59.Final.jar;C:\Users\orhan\.m2\repository\io\netty\netty-buffer\4.1.59.Final\netty-buffer-4.1.59.Final.jar;C:\Users\orhan\.m2\repository\io\netty\netty-transport\4.1.59.Final\netty-transport-4.1.59.Final.jar;C:\Users\orhan\.m2\repository\io\netty\netty-codec\4.1.59.Final\netty-codec-4.1.59.Final.jar;C:\Users\orhan\.m2\repository\io\netty\netty-codec-socks\4.1.59.Final\netty-codec-socks-4.1.59.Final.jar;C:\Users\orhan\.m2\repository\io\micronaut\micronaut-http-server-netty\2.5.0\micronaut-http-server-netty-2.5.0.jar;C:\Users\orhan\.m2\repository\io\micronaut\micronaut-http-server\2.5.0\micronaut-http-server-2.5.0.jar;C:\Users\orhan\.m2\repository\io\micronaut\micronaut-router\2.5.0\micronaut-router-2.5.0.jar;C:\Users\orhan\.m2\repository\io\netty\netty-codec-http\4.1.59.Final\netty-codec-http-4.1.59.Final.jar;C:\Users\orhan\.m2\repository\io\micronaut\micronaut-runtime\2.5.0\micronaut-runtime-2.5.0.jar;C:\Users\orhan\.m2\repository\io\micronaut\micronaut-http\2.5.0\micronaut-http-2.5.0.jar;C:\Users\orhan\.m2\repository\io\micronaut\micronaut-aop\2.5.0\micronaut-aop-2.5.0.jar;C:\Users\orhan\.m2\repository\io\micronaut\micronaut-context\2.5.0\micronaut-context-2.5.0.jar;C:\Users\orhan\.m2\repository\com\fasterxml\jackson\core\jackson-databind\2.12.2\jackson-databind-2.12.2.jar;C:\Users\orhan\.m2\repository\com\fasterxml\jackson\core\jackson-annotations\2.12.2\jackson-annotations-2.12.2.jar;C:\Users\orhan\.m2\repository\com\fasterxml\jackson\core\jackson-core\2.12.2\jackson-core-2.12.2.jar;C:\Users\orhan\.m2\repository\com\fasterxml\jackson\datatype\jackson-datatype-jdk8\2.12.2\jackson-datatype-jdk8-2.12.2.jar;C:\Users\orhan\.m2\repository\com\fasterxml\jackson\datatype\jackson-datatype-jsr310\2.12.2\jackson-datatype-jsr310-2.12.2.jar;C:\Users\orhan\.m2\repository\org\projectlombok\lombok\1.18.16\lombok-1.18.16.jar;C:\Users\orhan\.m2\repository\com\yahoofinance-api\YahooFinanceAPI\3.15.0\YahooFinanceAPI-3.15.0.jar;"/>
    <property name="java.vm.vendor" value="GraalVM Community"/>
    <property name="sun.arch.data.model" value="64"/>
    <property name="user.variant" value=""/>
    <property name="java.vendor.url" value="https://www.graalvm.org/"/>
    <property name="user.timezone" value="Asia/Baku"/>
    <property name="java.vm.specification.version" value="1.8"/>
    <property name="os.name" value="Windows 10"/>
    <property name="sun.java.launcher" value="SUN_STANDARD"/>
    <property name="user.country" value="TR"/>
    <property name="sun.boot.library.path" value="E:\graalvm-ce-java8-21.1.0\jre\bin"/>
    <property name="sun.java.command" value="C:\Users\orhan\AppData\Local\Temp\surefire2968686281189050848\surefirebooter1689367651194296862.jar C:\Users\orhan\AppData\Local\Temp\surefire2968686281189050848 2021-05-02T17-04-23_496-jvmRun1 surefire6055895426734471281tmp surefire_08845722975493392562tmp"/>
    <property name="surefire.test.class.path" value="E:\ADA University\4th Year\2nd Semester\Web &amp; Mobile 2\stockprice\target\test-classes;E:\ADA University\4th Year\2nd Semester\Web &amp; Mobile 2\stockprice\target\classes;C:\Users\orhan\.m2\repository\io\micronaut\micronaut-inject\2.5.0\micronaut-inject-2.5.0.jar;C:\Users\orhan\.m2\repository\org\slf4j\slf4j-api\1.7.26\slf4j-api-1.7.26.jar;C:\Users\orhan\.m2\repository\javax\annotation\javax.annotation-api\1.3.2\javax.annotation-api-1.3.2.jar;C:\Users\orhan\.m2\repository\javax\inject\javax.inject\1\javax.inject-1.jar;C:\Users\orhan\.m2\repository\io\micronaut\micronaut-core\2.5.0\micronaut-core-2.5.0.jar;C:\Users\orhan\.m2\repository\com\github\spotbugs\spotbugs-annotations\4.0.3\spotbugs-annotations-4.0.3.jar;C:\Users\orhan\.m2\repository\com\google\code\findbugs\jsr305\3.0.2\jsr305-3.0.2.jar;C:\Users\orhan\.m2\repository\org\yaml\snakeyaml\1.26\snakeyaml-1.26.jar;C:\Users\orhan\.m2\repository\io\micronaut\micronaut-validation\2.5.0\micronaut-validation-2.5.0.jar;C:\Users\orhan\.m2\repository\io\micronaut\micronaut-core-reactive\2.5.0\micronaut-core-reactive-2.5.0.jar;C:\Users\orhan\.m2\repository\org\reactivestreams\reactive-streams\1.0.3\reactive-streams-1.0.3.jar;C:\Users\orhan\.m2\repository\javax\validation\validation-api\2.0.1.Final\validation-api-2.0.1.Final.jar;C:\Users\orhan\.m2\repository\ch\qos\logback\logback-classic\1.2.3\logback-classic-1.2.3.jar;C:\Users\orhan\.m2\repository\ch\qos\logback\logback-core\1.2.3\logback-core-1.2.3.jar;C:\Users\orhan\.m2\repository\org\junit\jupiter\junit-jupiter-api\5.7.1\junit-jupiter-api-5.7.1.jar;C:\Users\orhan\.m2\repository\org\apiguardian\apiguardian-api\1.1.0\apiguardian-api-1.1.0.jar;C:\Users\orhan\.m2\repository\org\opentest4j\opentest4j\1.2.0\opentest4j-1.2.0.jar;C:\Users\orhan\.m2\repository\org\junit\platform\junit-platform-commons\1.7.1\junit-platform-commons-1.7.1.jar;C:\Users\orhan\.m2\repository\org\junit\jupiter\junit-jupiter-engine\5.7.1\junit-jupiter-engine-5.7.1.jar;C:\Users\orhan\.m2\repository\org\junit\platform\junit-platform-engine\1.7.1\junit-platform-engine-1.7.1.jar;C:\Users\orhan\.m2\repository\io\micronaut\test\micronaut-test-junit5\2.3.3\micronaut-test-junit5-2.3.3.jar;C:\Users\orhan\.m2\repository\io\micronaut\test\micronaut-test-core\2.3.3\micronaut-test-core-2.3.3.jar;C:\Users\orhan\.m2\repository\io\micronaut\micronaut-http-client\2.5.0\micronaut-http-client-2.5.0.jar;C:\Users\orhan\.m2\repository\io\reactivex\rxjava2\rxjava\2.2.10\rxjava-2.2.10.jar;C:\Users\orhan\.m2\repository\io\micronaut\micronaut-http-client-core\2.5.0\micronaut-http-client-core-2.5.0.jar;C:\Users\orhan\.m2\repository\io\micronaut\micronaut-websocket\2.5.0\micronaut-websocket-2.5.0.jar;C:\Users\orhan\.m2\repository\io\micronaut\micronaut-http-netty\2.5.0\micronaut-http-netty-2.5.0.jar;C:\Users\orhan\.m2\repository\io\micronaut\micronaut-buffer-netty\2.5.0\micronaut-buffer-netty-2.5.0.jar;C:\Users\orhan\.m2\repository\io\netty\netty-handler\4.1.59.Final\netty-handler-4.1.59.Final.jar;C:\Users\orhan\.m2\repository\io\netty\netty-resolver\4.1.59.Final\netty-resolver-4.1.59.Final.jar;C:\Users\orhan\.m2\repository\io\netty\netty-codec-http2\4.1.59.Final\netty-codec-http2-4.1.59.Final.jar;C:\Users\orhan\.m2\repository\io\netty\netty-handler-proxy\4.1.59.Final\netty-handler-proxy-4.1.59.Final.jar;C:\Users\orhan\.m2\repository\io\netty\netty-common\4.1.59.Final\netty-common-4.1.59.Final.jar;C:\Users\orhan\.m2\repository\io\netty\netty-buffer\4.1.59.Final\netty-buffer-4.1.59.Final.jar;C:\Users\orhan\.m2\repository\io\netty\netty-transport\4.1.59.Final\netty-transport-4.1.59.Final.jar;C:\Users\orhan\.m2\repository\io\netty\netty-codec\4.1.59.Final\netty-codec-4.1.59.Final.jar;C:\Users\orhan\.m2\repository\io\netty\netty-codec-socks\4.1.59.Final\netty-codec-socks-4.1.59.Final.jar;C:\Users\orhan\.m2\repository\io\micronaut\micronaut-http-server-netty\2.5.0\micronaut-http-server-netty-2.5.0.jar;C:\Users\orhan\.m2\repository\io\micronaut\micronaut-http-server\2.5.0\micronaut-http-server-2.5.0.jar;C:\Users\orhan\.m2\repository\io\micronaut\micronaut-router\2.5.0\micronaut-router-2.5.0.jar;C:\Users\orhan\.m2\repository\io\netty\netty-codec-http\4.1.59.Final\netty-codec-http-4.1.59.Final.jar;C:\Users\orhan\.m2\repository\io\micronaut\micronaut-runtime\2.5.0\micronaut-runtime-2.5.0.jar;C:\Users\orhan\.m2\repository\io\micronaut\micronaut-http\2.5.0\micronaut-http-2.5.0.jar;C:\Users\orhan\.m2\repository\io\micronaut\micronaut-aop\2.5.0\micronaut-aop-2.5.0.jar;C:\Users\orhan\.m2\repository\io\micronaut\micronaut-context\2.5.0\micronaut-context-2.5.0.jar;C:\Users\orhan\.m2\repository\com\fasterxml\jackson\core\jackson-databind\2.12.2\jackson-databind-2.12.2.jar;C:\Users\orhan\.m2\repository\com\fasterxml\jackson\core\jackson-annotations\2.12.2\jackson-annotations-2.12.2.jar;C:\Users\orhan\.m2\repository\com\fasterxml\jackson\core\jackson-core\2.12.2\jackson-core-2.12.2.jar;C:\Users\orhan\.m2\repository\com\fasterxml\jackson\datatype\jackson-datatype-jdk8\2.12.2\jackson-datatype-jdk8-2.12.2.jar;C:\Users\orhan\.m2\repository\com\fasterxml\jackson\datatype\jackson-datatype-jsr310\2.12.2\jackson-datatype-jsr310-2.12.2.jar;C:\Users\orhan\.m2\repository\org\projectlombok\lombok\1.18.16\lombok-1.18.16.jar;C:\Users\orhan\.m2\repository\com\yahoofinance-api\YahooFinanceAPI\3.15.0\YahooFinanceAPI-3.15.0.jar;"/>
    <property name="sun.cpu.endian" value="little"/>
    <property name="user.home" value="C:\Users\orhan"/>
    <property name="user.language" value="tr"/>
    <property name="java.specification.vendor" value="Oracle Corporation"/>
    <property name="java.home" value="E:\graalvm-ce-java8-21.1.0\jre"/>
    <property name="basedir" value="E:\ADA University\4th Year\2nd Semester\Web &amp; Mobile 2\stockprice"/>
    <property name="file.separator" value="\"/>
    <property name="line.separator" value="&#10;"/>
    <property name="java.vm.specification.vendor" value="Oracle Corporation"/>
    <property name="java.specification.name" value="Java Platform API Specification"/>
    <property name="java.awt.graphicsenv" value="sun.awt.Win32GraphicsEnvironment"/>
    <property name="surefire.real.class.path" value="C:\Users\orhan\AppData\Local\Temp\surefire2968686281189050848\surefirebooter1689367651194296862.jar"/>
    <property name="sun.boot.class.path" value="E:\graalvm-ce-java8-21.1.0\jre\lib\resources.jar;E:\graalvm-ce-java8-21.1.0\jre\lib\rt.jar;E:\graalvm-ce-java8-21.1.0\jre\lib\sunrsasign.jar;E:\graalvm-ce-java8-21.1.0\jre\lib\jsse.jar;E:\graalvm-ce-java8-21.1.0\jre\lib\jce.jar;E:\graalvm-ce-java8-21.1.0\jre\lib\charsets.jar;E:\graalvm-ce-java8-21.1.0\jre\lib\jfr.jar;E:\graalvm-ce-java8-21.1.0\jre\lib\jvmci-services.jar;E:\graalvm-ce-java8-21.1.0\jre\classes;E:\graalvm-ce-java8-21.1.0\jre\lib\boot\graal-sdk.jar;E:\graalvm-ce-java8-21.1.0\jre\lib\boot\graal-sdk.src.zip;E:\graalvm-ce-java8-21.1.0\jre\lib\boot\graaljs-scriptengine.jar"/>
    <property name="user.script" value=""/>
    <property name="sun.management.compiler" value="HotSpot 64-Bit Tiered Compilers"/>
    <property name="java.runtime.version" value="1.8.0_292-b09"/>
    <property name="user.name" value="orhan"/>
    <property name="path.separator" value=";"/>
    <property name="os.version" value="10.0"/>
    <property name="java.endorsed.dirs" value="E:\graalvm-ce-java8-21.1.0\jre\lib\endorsed"/>
    <property name="java.runtime.name" value="OpenJDK Runtime Environment"/>
    <property name="file.encoding" value="Cp1254"/>
    <property name="java.vm.name" value="OpenJDK 64-Bit Server VM GraalVM CE 21.1.0"/>
    <property name="jvmci.Compiler" value="graal"/>
    <property name="localRepository" value="C:\Users\orhan\.m2\repository"/>
    <property name="java.vendor.url.bug" value="https://github.com/oracle/graal/issues"/>
    <property name="java.io.tmpdir" value="C:\Users\orhan\AppData\Local\Temp\"/>
    <property name="java.version" value="1.8.0_292"/>
    <property name="user.dir" value="E:\ADA University\4th Year\2nd Semester\Web &amp; Mobile 2\stockprice"/>
    <property name="os.arch" value="amd64"/>
    <property name="java.vm.specification.name" value="Java Virtual Machine Specification"/>
    <property name="java.awt.printerjob" value="sun.awt.windows.WPrinterJob"/>
    <property name="sun.os.patch.level" value=""/>
    <property name="java.library.path" value="E:\graalvm-ce-java8-21.1.0\jre\bin;C:\WINDOWS\Sun\Java\bin;C:\WINDOWS\system32;C:\WINDOWS;C:\Users\orhan\AppData\Local\Programs\Python\Python39\Scripts\;C:\Users\orhan\AppData\Local\Programs\Python\Python39;E:\SecureCRT\Clients\;C:\Program Files (x86)\Common Files\Oracle\Java\javapath;C:\Program Files (x86)\Intel\iCLS Client\;C:\Program Files\Intel\iCLS Client\;C:\Windows\system32;C:\Windows;C:\Windows\System32\Wbem;C:\Windows\System32\WindowsPowerShell\v1.0\;C:\Program Files (x86)\Intel\Intel(R) Management Engine Components\DAL;C:\Program Files\Intel\Intel(R) Management Engine Components\DAL;C:\Program Files (x86)\Intel\Intel(R) Management Engine Components\IPT;C:\Program Files\Intel\Intel(R) Management Engine Components\IPT;C:\Program Files\Intel\WiFi\bin\;C:\Program Files\Common Files\Intel\WirelessCommon\;C:\WINDOWS\system32;C:\WINDOWS;C:\WINDOWS\System32\Wbem;C:\WINDOWS\System32\WindowsPowerShell\v1.0\;C:\WINDOWS\System32\OpenSSH\;C:\Program Files (x86)\QuickTime\QTSystem\;C:\Program Files (x86)\NVIDIA Corporation\PhysX\Common;&quot;E:\graalvm-ce-java8-21.1.0\bin;&quot;;C:\Program Files (x86)\CodeBlocks\MinGW\bin;C:\WINDOWS\system32;C:\WINDOWS;C:\WINDOWS\System32\Wbem;C:\WINDOWS\System32\WindowsPowerShell\v1.0\;C:\WINDOWS\System32\OpenSSH\;C:\Program Files\Git\cmd;C:\Program Files\Microsoft SQL Server\130\Tools\Binn\;C:\Program Files\nodejs\;E:\graalvm-ce-java8-21.1.0\bin;C:\Program Files (x86)\eSpeak\command_line;C:\Users\orhan\AppData\Local\Packages\PythonSoftwareFoundation.Python.3.8_qbz5n2kfra8p0\LocalCache\local-packages\Python38\Scripts;C:\Program Files (x86)\FFmpeg\bin;E:\apache-maven-3.6.3\bin;E:\micronaut-cli-2.5.0\bin;E:\graalvm-ce-java8-21.1.0\bin;C:\Users\orhan\AppData\Local\Programs\Python\Python39\Scripts\;C:\Users\orhan\AppData\Local\Programs\Python\Python39\;C:\Users\orhan\AppData\Local\Microsoft\WindowsApps;C:\Program Files\JetBrains\PyCharm Community Edition 2019.3\bin;C:\Program Files\JetBrains\PyCharm 2019.3\bin;C:\Users\orhan\.dotnet\tools;C:\ffmpeg\bin;C:\Users\orhan\AppData\Roaming\npm;C:\Program Files\JetBrains\WebStorm 2020.2.1\bin;;C:\Program Files\JetBrains\PyCharm Community Edition 2020.2.1\bin;;;C:\Users\orhan\AppData\Local\Programs\Microsoft VS Code\bin;C:\Users\orhan\AppData\Local\Microsoft\WindowsApps;."/>
    <property name="java.vm.info" value="mixed mode"/>
    <property name="java.vendor" value="GraalVM Community"/>
    <property name="java.vm.version" value="25.292-b09-jvmci-21.1-b05"/>
    <property name="java.ext.dirs" value="E:\graalvm-ce-java8-21.1.0\jre\lib\ext;C:\WINDOWS\Sun\Java\lib\ext"/>
    <property name="sun.io.unicode.encoding" value="UnicodeLittle"/>
    <property name="java.class.version" value="52.0"/>
  </properties>
  <testcase name="testItWorks" classname="edu.ada.micronaut.StockpriceTest" time="0.022"/>
</testsuite>